This file contains any messages produced by compilers while
running configure, to aid debugging if configure makes a mistake.

It was created by hidio configure 0.1, which was
generated by GNU Autoconf 2.63.  Invocation command line was

  $ ./configure --with-pd=/Users/rb/pd

## --------- ##
## Platform. ##
## --------- ##

hostname = macpro.local
uname -m = x86_64
uname -r = 18.2.0
uname -s = Darwin
uname -v = Darwin Kernel Version 18.2.0: Thu Dec 20 21:58:48 PST 2018; root:xnu-4903.241.1~2/RELEASE_X86_64

/usr/bin/uname -p = i386
/bin/uname -X     = unknown

/bin/arch              = unknown
/usr/bin/arch -k       = unknown
/usr/convex/getsysinfo = unknown
/usr/bin/hostinfo      = Mach kernel version:
	 Darwin Kernel Version 18.2.0: Thu Dec 20 21:58:48 PST 2018; root:xnu-4903.241.1~2/RELEASE_X86_64
Kernel configured for up to 8 processors.
4 processors are physically available.
8 processors are logically available.
Processor type: i486 (Intel 80486)
Processors active: 0 1 2 3 4 5 6 7
Primary memory available: 64.00 gigabytes
Default processor set: 342 tasks, 1291 threads, 8 processors
Load average: 1.22, Mach factor: 6.77
/bin/machine           = unknown
/usr/bin/oslevel       = unknown
/bin/universe          = unknown

PATH: /Library/Frameworks/Python.framework/Versions/3.7/bin
PATH: /opt/local/bin
PATH: /usr/local/bin
PATH: /usr/bin
PATH: /bin
PATH: /usr/sbin
PATH: /sbin
PATH: /opt/X11/bin


## ----------- ##
## Core tests. ##
## ----------- ##

configure:1909: checking build system type
configure:1927: result: i386-apple-darwin18.2.0
configure:1949: checking host system type
configure:1964: result: i386-apple-darwin18.2.0
configure:2002: checking for a BSD-compatible install
configure:2070: result: /usr/bin/install -c
configure:2081: checking whether build environment is sane
configure:2124: result: yes
configure:2149: checking for a thread-safe mkdir -p
configure:2188: result: ./install-sh -c -d
configure:2201: checking for gawk
configure:2231: result: no
configure:2201: checking for mawk
configure:2231: result: no
configure:2201: checking for nawk
configure:2231: result: no
configure:2201: checking for awk
configure:2217: found /usr/bin/awk
configure:2228: result: awk
configure:2239: checking whether make sets $(MAKE)
configure:2261: result: yes
configure:2572: checking for gcc
configure:2588: found /usr/bin/gcc
configure:2599: result: gcc
configure:2831: checking for C compiler version
configure:2839: gcc --version >&5
Configured with: --prefix=/Applications/Xcode.app/Contents/Developer/usr --with-gxx-include-dir=/Applications/Xcode.app/Contents/Developer/Platforms/MacOSX.platform/Developer/SDKs/MacOSX10.14.sdk/usr/include/c++/4.2.1
Apple LLVM version 10.0.0 (clang-1000.11.45.5)
Target: x86_64-apple-darwin18.2.0
Thread model: posix
InstalledDir: /Applications/Xcode.app/Contents/Developer/Toolchains/XcodeDefault.xctoolchain/usr/bin
configure:2843: $? = 0
configure:2850: gcc -v >&5
Configured with: --prefix=/Applications/Xcode.app/Contents/Developer/usr --with-gxx-include-dir=/Applications/Xcode.app/Contents/Developer/Platforms/MacOSX.platform/Developer/SDKs/MacOSX10.14.sdk/usr/include/c++/4.2.1
Apple LLVM version 10.0.0 (clang-1000.11.45.5)
Target: x86_64-apple-darwin18.2.0
Thread model: posix
InstalledDir: /Applications/Xcode.app/Contents/Developer/Toolchains/XcodeDefault.xctoolchain/usr/bin
configure:2854: $? = 0
configure:2861: gcc -V >&5
clang: error: argument to '-V' is missing (expected 1 value)
clang: error: no input files
configure:2865: $? = 1
configure:2888: checking for C compiler default output file name
configure:2910: gcc    conftest.c  >&5
configure:2914: $? = 0
configure:2952: result: a.out
configure:2971: checking whether the C compiler works
configure:2981: ./a.out
configure:2985: $? = 0
configure:3004: result: yes
configure:3011: checking whether we are cross compiling
configure:3013: result: no
configure:3016: checking for suffix of executables
configure:3023: gcc -o conftest    conftest.c  >&5
configure:3027: $? = 0
configure:3053: result: 
configure:3059: checking for suffix of object files
configure:3085: gcc -c   conftest.c >&5
configure:3089: $? = 0
configure:3114: result: o
configure:3118: checking whether we are using the GNU C compiler
configure:3147: gcc -c   conftest.c >&5
configure:3154: $? = 0
configure:3171: result: yes
configure:3180: checking whether gcc accepts -g
configure:3210: gcc -c -g  conftest.c >&5
configure:3217: $? = 0
configure:3318: result: yes
configure:3335: checking for gcc option to accept ISO C89
configure:3409: gcc  -c -g -O2  conftest.c >&5
configure:3416: $? = 0
configure:3439: result: none needed
configure:3468: checking for style of include used by make
configure:3496: result: GNU
configure:3521: checking dependency style of gcc
configure:3612: result: gcc3
configure:3685: checking for g++
configure:3701: found /usr/bin/g++
configure:3712: result: g++
configure:3739: checking for C++ compiler version
configure:3747: g++ --version >&5
Configured with: --prefix=/Applications/Xcode.app/Contents/Developer/usr --with-gxx-include-dir=/Applications/Xcode.app/Contents/Developer/Platforms/MacOSX.platform/Developer/SDKs/MacOSX10.14.sdk/usr/include/c++/4.2.1
Apple LLVM version 10.0.0 (clang-1000.11.45.5)
Target: x86_64-apple-darwin18.2.0
Thread model: posix
InstalledDir: /Applications/Xcode.app/Contents/Developer/Toolchains/XcodeDefault.xctoolchain/usr/bin
configure:3751: $? = 0
configure:3758: g++ -v >&5
Configured with: --prefix=/Applications/Xcode.app/Contents/Developer/usr --with-gxx-include-dir=/Applications/Xcode.app/Contents/Developer/Platforms/MacOSX.platform/Developer/SDKs/MacOSX10.14.sdk/usr/include/c++/4.2.1
Apple LLVM version 10.0.0 (clang-1000.11.45.5)
Target: x86_64-apple-darwin18.2.0
Thread model: posix
InstalledDir: /Applications/Xcode.app/Contents/Developer/Toolchains/XcodeDefault.xctoolchain/usr/bin
configure:3762: $? = 0
configure:3769: g++ -V >&5
clang: error: argument to '-V' is missing (expected 1 value)
clang: error: no input files
configure:3773: $? = 1
configure:3776: checking whether we are using the GNU C++ compiler
configure:3805: g++ -c   conftest.cpp >&5
configure:3812: $? = 0
configure:3829: result: yes
configure:3838: checking whether g++ accepts -g
configure:3868: g++ -c -g  conftest.cpp >&5
configure:3875: $? = 0
configure:3976: result: yes
configure:4001: checking dependency style of g++
configure:4092: result: gcc3
configure:4121: checking for a BSD-compatible install
configure:4189: result: /usr/bin/install -c
configure:4243: checking for ranlib
configure:4259: found /opt/local/bin/ranlib
configure:4270: result: ranlib
configure:4292: checking whether make sets $(MAKE)
configure:4314: result: yes
configure:4332: checking how to run the C preprocessor
configure:4372: gcc -E  conftest.c
configure:4379: $? = 0
configure:4410: gcc -E  conftest.c
conftest.c:10:10: fatal error: 'ac_nonexistent.h' file not found
#include <ac_nonexistent.h>
         ^~~~~~~~~~~~~~~~~~
1 error generated.
configure:4417: $? = 1
configure: failed program was:
| /* confdefs.h.  */
| #define PACKAGE_NAME "hidio"
| #define PACKAGE_TARNAME "hidio"
| #define PACKAGE_VERSION "0.1"
| #define PACKAGE_STRING "hidio 0.1"
| #define PACKAGE_BUGREPORT ""
| #define PACKAGE "hidio"
| #define VERSION "0.1"
| /* end confdefs.h.  */
| #include <ac_nonexistent.h>
configure:4450: result: gcc -E
configure:4479: gcc -E  conftest.c
configure:4486: $? = 0
configure:4517: gcc -E  conftest.c
conftest.c:10:10: fatal error: 'ac_nonexistent.h' file not found
#include <ac_nonexistent.h>
         ^~~~~~~~~~~~~~~~~~
1 error generated.
configure:4524: $? = 1
configure: failed program was:
| /* confdefs.h.  */
| #define PACKAGE_NAME "hidio"
| #define PACKAGE_TARNAME "hidio"
| #define PACKAGE_VERSION "0.1"
| #define PACKAGE_STRING "hidio 0.1"
| #define PACKAGE_BUGREPORT ""
| #define PACKAGE "hidio"
| #define VERSION "0.1"
| /* end confdefs.h.  */
| #include <ac_nonexistent.h>
configure:4564: checking for grep that handles long lines and -e
configure:4624: result: /usr/bin/grep
configure:4629: checking for egrep
configure:4693: result: /usr/bin/grep -E
configure:4698: checking for ANSI C header files
configure:4728: gcc -c -g -O2  conftest.c >&5
configure:4735: $? = 0
configure:4834: gcc -o conftest -g -O2   conftest.c  >&5
configure:4838: $? = 0
configure:4844: ./conftest
configure:4848: $? = 0
configure:4866: result: yes
configure:4902: result: checking for pd sourcecode... /Users/rb/pd
configure:4955: checking for sys/types.h
configure:4976: gcc -c -DPD -g -O2 -I/Users/rb/pd/src  conftest.c >&5
configure:4983: $? = 0
configure:5000: result: yes
configure:4955: checking for sys/stat.h
configure:4976: gcc -c -DPD -g -O2 -I/Users/rb/pd/src  conftest.c >&5
configure:4983: $? = 0
configure:5000: result: yes
configure:4955: checking for stdlib.h
configure:4976: gcc -c -DPD -g -O2 -I/Users/rb/pd/src  conftest.c >&5
configure:4983: $? = 0
configure:5000: result: yes
configure:4955: checking for string.h
configure:4976: gcc -c -DPD -g -O2 -I/Users/rb/pd/src  conftest.c >&5
configure:4983: $? = 0
configure:5000: result: yes
configure:4955: checking for memory.h
configure:4976: gcc -c -DPD -g -O2 -I/Users/rb/pd/src  conftest.c >&5
configure:4983: $? = 0
configure:5000: result: yes
configure:4955: checking for strings.h
configure:4976: gcc -c -DPD -g -O2 -I/Users/rb/pd/src  conftest.c >&5
configure:4983: $? = 0
configure:5000: result: yes
configure:4955: checking for inttypes.h
configure:4976: gcc -c -DPD -g -O2 -I/Users/rb/pd/src  conftest.c >&5
configure:4983: $? = 0
configure:5000: result: yes
configure:4955: checking for stdint.h
configure:4976: gcc -c -DPD -g -O2 -I/Users/rb/pd/src  conftest.c >&5
configure:4983: $? = 0
configure:5000: result: yes
configure:4955: checking for unistd.h
configure:4976: gcc -c -DPD -g -O2 -I/Users/rb/pd/src  conftest.c >&5
configure:4983: $? = 0
configure:5000: result: yes
configure:5032: checking malloc.h usability
configure:5049: gcc -c -DPD -g -O2 -I/Users/rb/pd/src  conftest.c >&5
conftest.c:53:10: fatal error: 'malloc.h' file not found
#include <malloc.h>
         ^~~~~~~~~~
1 error generated.
configure:5056: $? = 1
configure: failed program was:
| /* confdefs.h.  */
| #define PACKAGE_NAME "hidio"
| #define PACKAGE_TARNAME "hidio"
| #define PACKAGE_VERSION "0.1"
| #define PACKAGE_STRING "hidio 0.1"
| #define PACKAGE_BUGREPORT ""
| #define PACKAGE "hidio"
| #define VERSION "0.1"
| #define STDC_HEADERS 1
| #define HAVE_SYS_TYPES_H 1
| #define HAVE_SYS_STAT_H 1
| #define HAVE_STDLIB_H 1
| #define HAVE_STRING_H 1
| #define HAVE_MEMORY_H 1
| #define HAVE_STRINGS_H 1
| #define HAVE_INTTYPES_H 1
| #define HAVE_STDINT_H 1
| #define HAVE_UNISTD_H 1
| /* end confdefs.h.  */
| #include <stdio.h>
| #ifdef HAVE_SYS_TYPES_H
| # include <sys/types.h>
| #endif
| #ifdef HAVE_SYS_STAT_H
| # include <sys/stat.h>
| #endif
| #ifdef STDC_HEADERS
| # include <stdlib.h>
| # include <stddef.h>
| #else
| # ifdef HAVE_STDLIB_H
| #  include <stdlib.h>
| # endif
| #endif
| #ifdef HAVE_STRING_H
| # if !defined STDC_HEADERS && defined HAVE_MEMORY_H
| #  include <memory.h>
| # endif
| # include <string.h>
| #endif
| #ifdef HAVE_STRINGS_H
| # include <strings.h>
| #endif
| #ifdef HAVE_INTTYPES_H
| # include <inttypes.h>
| #endif
| #ifdef HAVE_STDINT_H
| # include <stdint.h>
| #endif
| #ifdef HAVE_UNISTD_H
| # include <unistd.h>
| #endif
| #include <malloc.h>
configure:5070: result: no
configure:5074: checking malloc.h presence
configure:5089: gcc -E  conftest.c
conftest.c:20:10: fatal error: 'malloc.h' file not found
#include <malloc.h>
         ^~~~~~~~~~
1 error generated.
configure:5096: $? = 1
configure: failed program was:
| /* confdefs.h.  */
| #define PACKAGE_NAME "hidio"
| #define PACKAGE_TARNAME "hidio"
| #define PACKAGE_VERSION "0.1"
| #define PACKAGE_STRING "hidio 0.1"
| #define PACKAGE_BUGREPORT ""
| #define PACKAGE "hidio"
| #define VERSION "0.1"
| #define STDC_HEADERS 1
| #define HAVE_SYS_TYPES_H 1
| #define HAVE_SYS_STAT_H 1
| #define HAVE_STDLIB_H 1
| #define HAVE_STRING_H 1
| #define HAVE_MEMORY_H 1
| #define HAVE_STRINGS_H 1
| #define HAVE_INTTYPES_H 1
| #define HAVE_STDINT_H 1
| #define HAVE_UNISTD_H 1
| /* end confdefs.h.  */
| #include <malloc.h>
configure:5110: result: no
configure:5138: checking for malloc.h
configure:5147: result: no
configure:5021: checking for string.h
configure:5028: result: yes
configure:5032: checking sys/time.h usability
configure:5049: gcc -c -DPD -g -O2 -I/Users/rb/pd/src  conftest.c >&5
configure:5056: $? = 0
configure:5070: result: yes
configure:5074: checking sys/time.h presence
configure:5089: gcc -E  conftest.c
configure:5096: $? = 0
configure:5110: result: yes
configure:5138: checking for sys/time.h
configure:5147: result: yes
configure:5164: checking for size_t
configure:5192: gcc -c -DPD -g -O2 -I/Users/rb/pd/src  conftest.c >&5
configure:5199: $? = 0
configure:5226: gcc -c -DPD -g -O2 -I/Users/rb/pd/src  conftest.c >&5
conftest.c:58:21: error: expected expression
if (sizeof ((size_t)))
                    ^
1 error generated.
configure:5233: $? = 1
configure: failed program was:
| /* confdefs.h.  */
| #define PACKAGE_NAME "hidio"
| #define PACKAGE_TARNAME "hidio"
| #define PACKAGE_VERSION "0.1"
| #define PACKAGE_STRING "hidio 0.1"
| #define PACKAGE_BUGREPORT ""
| #define PACKAGE "hidio"
| #define VERSION "0.1"
| #define STDC_HEADERS 1
| #define HAVE_SYS_TYPES_H 1
| #define HAVE_SYS_STAT_H 1
| #define HAVE_STDLIB_H 1
| #define HAVE_STRING_H 1
| #define HAVE_MEMORY_H 1
| #define HAVE_STRINGS_H 1
| #define HAVE_INTTYPES_H 1
| #define HAVE_STDINT_H 1
| #define HAVE_UNISTD_H 1
| #define HAVE_STRING_H 1
| #define HAVE_SYS_TIME_H 1
| /* end confdefs.h.  */
| #include <stdio.h>
| #ifdef HAVE_SYS_TYPES_H
| # include <sys/types.h>
| #endif
| #ifdef HAVE_SYS_STAT_H
| # include <sys/stat.h>
| #endif
| #ifdef STDC_HEADERS
| # include <stdlib.h>
| # include <stddef.h>
| #else
| # ifdef HAVE_STDLIB_H
| #  include <stdlib.h>
| # endif
| #endif
| #ifdef HAVE_STRING_H
| # if !defined STDC_HEADERS && defined HAVE_MEMORY_H
| #  include <memory.h>
| # endif
| # include <string.h>
| #endif
| #ifdef HAVE_STRINGS_H
| # include <strings.h>
| #endif
| #ifdef HAVE_INTTYPES_H
| # include <inttypes.h>
| #endif
| #ifdef HAVE_STDINT_H
| # include <stdint.h>
| #endif
| #ifdef HAVE_UNISTD_H
| # include <unistd.h>
| #endif
| int
| main ()
| {
| if (sizeof ((size_t)))
| 	  return 0;
|   ;
|   return 0;
| }
configure:5256: result: yes
configure:5270: checking for pid_t
configure:5298: gcc -c -DPD -g -O2 -I/Users/rb/pd/src  conftest.c >&5
configure:5305: $? = 0
configure:5332: gcc -c -DPD -g -O2 -I/Users/rb/pd/src  conftest.c >&5
conftest.c:58:20: error: expected expression
if (sizeof ((pid_t)))
                   ^
1 error generated.
configure:5339: $? = 1
configure: failed program was:
| /* confdefs.h.  */
| #define PACKAGE_NAME "hidio"
| #define PACKAGE_TARNAME "hidio"
| #define PACKAGE_VERSION "0.1"
| #define PACKAGE_STRING "hidio 0.1"
| #define PACKAGE_BUGREPORT ""
| #define PACKAGE "hidio"
| #define VERSION "0.1"
| #define STDC_HEADERS 1
| #define HAVE_SYS_TYPES_H 1
| #define HAVE_SYS_STAT_H 1
| #define HAVE_STDLIB_H 1
| #define HAVE_STRING_H 1
| #define HAVE_MEMORY_H 1
| #define HAVE_STRINGS_H 1
| #define HAVE_INTTYPES_H 1
| #define HAVE_STDINT_H 1
| #define HAVE_UNISTD_H 1
| #define HAVE_STRING_H 1
| #define HAVE_SYS_TIME_H 1
| /* end confdefs.h.  */
| #include <stdio.h>
| #ifdef HAVE_SYS_TYPES_H
| # include <sys/types.h>
| #endif
| #ifdef HAVE_SYS_STAT_H
| # include <sys/stat.h>
| #endif
| #ifdef STDC_HEADERS
| # include <stdlib.h>
| # include <stddef.h>
| #else
| # ifdef HAVE_STDLIB_H
| #  include <stdlib.h>
| # endif
| #endif
| #ifdef HAVE_STRING_H
| # if !defined STDC_HEADERS && defined HAVE_MEMORY_H
| #  include <memory.h>
| # endif
| # include <string.h>
| #endif
| #ifdef HAVE_STRINGS_H
| # include <strings.h>
| #endif
| #ifdef HAVE_INTTYPES_H
| # include <inttypes.h>
| #endif
| #ifdef HAVE_STDINT_H
| # include <stdint.h>
| #endif
| #ifdef HAVE_UNISTD_H
| # include <unistd.h>
| #endif
| int
| main ()
| {
| if (sizeof ((pid_t)))
| 	  return 0;
|   ;
|   return 0;
| }
configure:5362: result: yes
configure:5390: checking vfork.h usability
configure:5407: gcc -c -DPD -g -O2 -I/Users/rb/pd/src  conftest.c >&5
conftest.c:55:10: fatal error: 'vfork.h' file not found
#include <vfork.h>
         ^~~~~~~~~
1 error generated.
configure:5414: $? = 1
configure: failed program was:
| /* confdefs.h.  */
| #define PACKAGE_NAME "hidio"
| #define PACKAGE_TARNAME "hidio"
| #define PACKAGE_VERSION "0.1"
| #define PACKAGE_STRING "hidio 0.1"
| #define PACKAGE_BUGREPORT ""
| #define PACKAGE "hidio"
| #define VERSION "0.1"
| #define STDC_HEADERS 1
| #define HAVE_SYS_TYPES_H 1
| #define HAVE_SYS_STAT_H 1
| #define HAVE_STDLIB_H 1
| #define HAVE_STRING_H 1
| #define HAVE_MEMORY_H 1
| #define HAVE_STRINGS_H 1
| #define HAVE_INTTYPES_H 1
| #define HAVE_STDINT_H 1
| #define HAVE_UNISTD_H 1
| #define HAVE_STRING_H 1
| #define HAVE_SYS_TIME_H 1
| /* end confdefs.h.  */
| #include <stdio.h>
| #ifdef HAVE_SYS_TYPES_H
| # include <sys/types.h>
| #endif
| #ifdef HAVE_SYS_STAT_H
| # include <sys/stat.h>
| #endif
| #ifdef STDC_HEADERS
| # include <stdlib.h>
| # include <stddef.h>
| #else
| # ifdef HAVE_STDLIB_H
| #  include <stdlib.h>
| # endif
| #endif
| #ifdef HAVE_STRING_H
| # if !defined STDC_HEADERS && defined HAVE_MEMORY_H
| #  include <memory.h>
| # endif
| # include <string.h>
| #endif
| #ifdef HAVE_STRINGS_H
| # include <strings.h>
| #endif
| #ifdef HAVE_INTTYPES_H
| # include <inttypes.h>
| #endif
| #ifdef HAVE_STDINT_H
| # include <stdint.h>
| #endif
| #ifdef HAVE_UNISTD_H
| # include <unistd.h>
| #endif
| #include <vfork.h>
configure:5428: result: no
configure:5432: checking vfork.h presence
configure:5447: gcc -E  conftest.c
conftest.c:22:10: fatal error: 'vfork.h' file not found
#include <vfork.h>
         ^~~~~~~~~
1 error generated.
configure:5454: $? = 1
configure: failed program was:
| /* confdefs.h.  */
| #define PACKAGE_NAME "hidio"
| #define PACKAGE_TARNAME "hidio"
| #define PACKAGE_VERSION "0.1"
| #define PACKAGE_STRING "hidio 0.1"
| #define PACKAGE_BUGREPORT ""
| #define PACKAGE "hidio"
| #define VERSION "0.1"
| #define STDC_HEADERS 1
| #define HAVE_SYS_TYPES_H 1
| #define HAVE_SYS_STAT_H 1
| #define HAVE_STDLIB_H 1
| #define HAVE_STRING_H 1
| #define HAVE_MEMORY_H 1
| #define HAVE_STRINGS_H 1
| #define HAVE_INTTYPES_H 1
| #define HAVE_STDINT_H 1
| #define HAVE_UNISTD_H 1
| #define HAVE_STRING_H 1
| #define HAVE_SYS_TIME_H 1
| /* end confdefs.h.  */
| #include <vfork.h>
configure:5468: result: no
configure:5496: checking for vfork.h
configure:5505: result: no
configure:5525: checking for fork
configure:5581: gcc -o conftest -DPD -g -O2 -I/Users/rb/pd/src   conftest.c  >&5
configure:5588: $? = 0
configure:5610: result: yes
configure:5525: checking for vfork
configure:5581: gcc -o conftest -DPD -g -O2 -I/Users/rb/pd/src   conftest.c  >&5
conftest.c:46:6: warning: incompatible redeclaration of library function 'vfork' [-Wincompatible-library-redeclaration]
char vfork ();
     ^
conftest.c:46:6: note: 'vfork' is a builtin with type 'int (void)'
1 warning generated.
configure:5588: $? = 0
configure:5610: result: yes
configure:5623: checking for working fork
configure:5655: gcc -o conftest -DPD -g -O2 -I/Users/rb/pd/src   conftest.c  >&5
configure:5659: $? = 0
configure:5665: ./conftest
configure:5669: $? = 0
configure:5686: result: yes
configure:5707: checking for working vfork
configure:5848: result: yes
configure:5884: checking for stdlib.h
configure:5891: result: yes
configure:6025: checking for GNU libc compatible malloc
configure:6059: gcc -o conftest -DPD -g -O2 -I/Users/rb/pd/src   conftest.c  >&5
configure:6063: $? = 0
configure:6069: ./conftest
configure:6073: $? = 0
configure:6090: result: yes
configure:6118: checking return type of signal handlers
configure:6146: gcc -c -DPD -g -O2 -I/Users/rb/pd/src  conftest.c >&5
conftest.c:34:8: error: indirection requires pointer operand ('void' invalid)
return *(signal (0, 0)) (0) == 1;
       ^~~~~~~~~~~~~~~~~~~~
1 error generated.
configure:6153: $? = 1
configure: failed program was:
| /* confdefs.h.  */
| #define PACKAGE_NAME "hidio"
| #define PACKAGE_TARNAME "hidio"
| #define PACKAGE_VERSION "0.1"
| #define PACKAGE_STRING "hidio 0.1"
| #define PACKAGE_BUGREPORT ""
| #define PACKAGE "hidio"
| #define VERSION "0.1"
| #define STDC_HEADERS 1
| #define HAVE_SYS_TYPES_H 1
| #define HAVE_SYS_STAT_H 1
| #define HAVE_STDLIB_H 1
| #define HAVE_STRING_H 1
| #define HAVE_MEMORY_H 1
| #define HAVE_STRINGS_H 1
| #define HAVE_INTTYPES_H 1
| #define HAVE_STDINT_H 1
| #define HAVE_UNISTD_H 1
| #define HAVE_STRING_H 1
| #define HAVE_SYS_TIME_H 1
| #define HAVE_FORK 1
| #define HAVE_VFORK 1
| #define HAVE_WORKING_VFORK 1
| #define HAVE_WORKING_FORK 1
| #define HAVE_STDLIB_H 1
| #define HAVE_MALLOC 1
| /* end confdefs.h.  */
| #include <sys/types.h>
| #include <signal.h>
| 
| int
| main ()
| {
| return *(signal (0, 0)) (0) == 1;
|   ;
|   return 0;
| }
configure:6168: result: void
configure:6396: creating ./config.status

## ---------------------- ##
## Running config.status. ##
## ---------------------- ##

This file was extended by hidio config.status 0.1, which was
generated by GNU Autoconf 2.63.  Invocation command line was

  CONFIG_FILES    = 
  CONFIG_HEADERS  = 
  CONFIG_LINKS    = 
  CONFIG_COMMANDS = 
  $ ./config.status 

on macpro.local

config.status:725: creating Makefile
config.status:725: creating HID_Utilities_Source/Makefile
config.status:936: executing depfiles commands

## ---------------- ##
## Cache variables. ##
## ---------------- ##

ac_cv_build=i386-apple-darwin18.2.0
ac_cv_c_compiler_gnu=yes
ac_cv_cxx_compiler_gnu=yes
ac_cv_env_CCC_set=
ac_cv_env_CCC_value=
ac_cv_env_CC_set=
ac_cv_env_CC_value=
ac_cv_env_CFLAGS_set=
ac_cv_env_CFLAGS_value=
ac_cv_env_CPPFLAGS_set=
ac_cv_env_CPPFLAGS_value=
ac_cv_env_CPP_set=
ac_cv_env_CPP_value=
ac_cv_env_CXXFLAGS_set=
ac_cv_env_CXXFLAGS_value=
ac_cv_env_CXX_set=
ac_cv_env_CXX_value=
ac_cv_env_LDFLAGS_set=
ac_cv_env_LDFLAGS_value=
ac_cv_env_LIBS_set=
ac_cv_env_LIBS_value=
ac_cv_env_build_alias_set=
ac_cv_env_build_alias_value=
ac_cv_env_host_alias_set=
ac_cv_env_host_alias_value=
ac_cv_env_target_alias_set=
ac_cv_env_target_alias_value=
ac_cv_func_fork=yes
ac_cv_func_fork_works=yes
ac_cv_func_malloc_0_nonnull=yes
ac_cv_func_vfork=yes
ac_cv_func_vfork_works=yes
ac_cv_header_inttypes_h=yes
ac_cv_header_malloc_h=no
ac_cv_header_memory_h=yes
ac_cv_header_stdc=yes
ac_cv_header_stdint_h=yes
ac_cv_header_stdlib_h=yes
ac_cv_header_string_h=yes
ac_cv_header_strings_h=yes
ac_cv_header_sys_stat_h=yes
ac_cv_header_sys_time_h=yes
ac_cv_header_sys_types_h=yes
ac_cv_header_unistd_h=yes
ac_cv_header_vfork_h=no
ac_cv_host=i386-apple-darwin18.2.0
ac_cv_objext=o
ac_cv_path_EGREP='/usr/bin/grep -E'
ac_cv_path_GREP=/usr/bin/grep
ac_cv_path_install='/usr/bin/install -c'
ac_cv_prog_AWK=awk
ac_cv_prog_CPP='gcc -E'
ac_cv_prog_ac_ct_CC=gcc
ac_cv_prog_ac_ct_CXX=g++
ac_cv_prog_ac_ct_RANLIB=ranlib
ac_cv_prog_cc_c89=
ac_cv_prog_cc_g=yes
ac_cv_prog_cxx_g=yes
ac_cv_prog_make_make_set=yes
ac_cv_type_pid_t=yes
ac_cv_type_signal=void
ac_cv_type_size_t=yes
am_cv_CC_dependencies_compiler_type=gcc3
am_cv_CXX_dependencies_compiler_type=gcc3

## ----------------- ##
## Output variables. ##
## ----------------- ##

ACLOCAL='${SHELL} /Users/rb/Documents/Pd/externals/hidio-0.1/missing --run aclocal-1.10'
AMDEPBACKSLASH='\'
AMDEP_FALSE='#'
AMDEP_TRUE=''
AMTAR='${SHELL} /Users/rb/Documents/Pd/externals/hidio-0.1/missing --run tar'
ANDROID_FALSE=''
ANDROID_TRUE='#'
AUTOCONF='${SHELL} /Users/rb/Documents/Pd/externals/hidio-0.1/missing --run autoconf'
AUTOHEADER='${SHELL} /Users/rb/Documents/Pd/externals/hidio-0.1/missing --run autoheader'
AUTOMAKE='${SHELL} /Users/rb/Documents/Pd/externals/hidio-0.1/missing --run automake-1.10'
AWK='awk'
CC='gcc'
CCDEPMODE='depmode=gcc3'
CFLAGS='-DPD -g -O2 -I/Users/rb/pd/src'
CPP='gcc -E'
CPPFLAGS=''
CXX='g++'
CXXDEPMODE='depmode=gcc3'
CXXFLAGS='-g -O2'
CYGPATH_W='echo'
CYGWIN_FALSE=''
CYGWIN_TRUE='#'
DEFS='-DPACKAGE_NAME=\"hidio\" -DPACKAGE_TARNAME=\"hidio\" -DPACKAGE_VERSION=\"0.1\" -DPACKAGE_STRING=\"hidio\ 0.1\" -DPACKAGE_BUGREPORT=\"\" -DPACKAGE=\"hidio\" -DVERSION=\"0.1\" -DSTDC_HEADERS=1 -DHAVE_SYS_TYPES_H=1 -DHAVE_SYS_STAT_H=1 -DHAVE_STDLIB_H=1 -DHAVE_STRING_H=1 -DHAVE_MEMORY_H=1 -DHAVE_STRINGS_H=1 -DHAVE_INTTYPES_H=1 -DHAVE_STDINT_H=1 -DHAVE_UNISTD_H=1 -DHAVE_STRING_H=1 -DHAVE_SYS_TIME_H=1 -DHAVE_FORK=1 -DHAVE_VFORK=1 -DHAVE_WORKING_VFORK=1 -DHAVE_WORKING_FORK=1 -DHAVE_STDLIB_H=1 -DHAVE_MALLOC=1 -DRETSIGTYPE=void'
DEPDIR='.deps'
ECHO_C='\c'
ECHO_N=''
ECHO_T=''
EGREP='/usr/bin/grep -E'
EXEEXT=''
EXTENSION='pd_darwin'
GREP='/usr/bin/grep'
INSTALL_DATA='${INSTALL} -m 644'
INSTALL_PROGRAM='${INSTALL}'
INSTALL_SCRIPT='${INSTALL}'
INSTALL_STRIP_PROGRAM='$(install_sh) -c -s'
IPHONEOS_FALSE=''
IPHONEOS_TRUE='#'
LDFLAGS=''
LIBOBJS=''
LIBS=''
LINUX_FALSE=''
LINUX_TRUE='#'
LTLIBOBJS=''
MACOSX_FALSE='#'
MACOSX_TRUE=''
MAKEINFO='${SHELL} /Users/rb/Documents/Pd/externals/hidio-0.1/missing --run makeinfo'
MINGW_FALSE=''
MINGW_TRUE='#'
MKDIR_P='./install-sh -c -d'
OBJEXT='o'
PACKAGE='hidio'
PACKAGE_BUGREPORT=''
PACKAGE_NAME='hidio'
PACKAGE_STRING='hidio 0.1'
PACKAGE_TARNAME='hidio'
PACKAGE_VERSION='0.1'
PATH_SEPARATOR=':'
RANLIB='ranlib'
SET_MAKE=''
SHELL='/bin/sh'
STRIP=''
UNIVERSAL_FALSE=''
UNIVERSAL_TRUE='#'
VERSION='0.1'
WINDOWS_FALSE=''
WINDOWS_TRUE='#'
ac_ct_CC='gcc'
ac_ct_CXX='g++'
am__fastdepCC_FALSE='#'
am__fastdepCC_TRUE=''
am__fastdepCXX_FALSE='#'
am__fastdepCXX_TRUE=''
am__include='include'
am__isrc=''
am__leading_dot='.'
am__quote=''
am__tar='${AMTAR} chof - "$$tardir"'
am__untar='${AMTAR} xf -'
bindir='${exec_prefix}/bin'
build='i386-apple-darwin18.2.0'
build_alias=''
build_cpu='i386'
build_os='darwin18.2.0'
build_vendor='apple'
datadir='${datarootdir}'
datarootdir='${prefix}/share'
docdir='${datarootdir}/doc/${PACKAGE_TARNAME}'
dvidir='${docdir}'
exec_prefix='${prefix}'
host='i386-apple-darwin18.2.0'
host_alias=''
host_cpu='i386'
host_os='darwin18.2.0'
host_vendor='apple'
htmldir='${docdir}'
includedir='${prefix}/include'
infodir='${datarootdir}/info'
install_sh='$(SHELL) /Users/rb/Documents/Pd/externals/hidio-0.1/install-sh'
libdir='${exec_prefix}/lib'
libexecdir='${exec_prefix}/libexec'
localedir='${datarootdir}/locale'
localstatedir='${prefix}/var'
mandir='${datarootdir}/man'
mkdir_p='$(top_builddir)/./install-sh -c -d'
oldincludedir='/usr/include'
pdfdir='${docdir}'
prefix='/usr/local'
program_transform_name='s,x,x,'
psdir='${docdir}'
sbindir='${exec_prefix}/sbin'
sharedstatedir='${prefix}/com'
sysconfdir='${prefix}/etc'
target_alias=''

## ----------- ##
## confdefs.h. ##
## ----------- ##

#define PACKAGE_NAME "hidio"
#define PACKAGE_TARNAME "hidio"
#define PACKAGE_VERSION "0.1"
#define PACKAGE_STRING "hidio 0.1"
#define PACKAGE_BUGREPORT ""
#define PACKAGE "hidio"
#define VERSION "0.1"
#define STDC_HEADERS 1
#define HAVE_SYS_TYPES_H 1
#define HAVE_SYS_STAT_H 1
#define HAVE_STDLIB_H 1
#define HAVE_STRING_H 1
#define HAVE_MEMORY_H 1
#define HAVE_STRINGS_H 1
#define HAVE_INTTYPES_H 1
#define HAVE_STDINT_H 1
#define HAVE_UNISTD_H 1
#define HAVE_STRING_H 1
#define HAVE_SYS_TIME_H 1
#define HAVE_FORK 1
#define HAVE_VFORK 1
#define HAVE_WORKING_VFORK 1
#define HAVE_WORKING_FORK 1
#define HAVE_STDLIB_H 1
#define HAVE_MALLOC 1
#define RETSIGTYPE void

configure: exit 0
